<?xml version="1.0" encoding="UTF-8"?>
<!-- Generated by org.testng.reporters.JUnitXMLReporter -->
<testsuite hostname="LNTLP0127" ignored="9" tests="1" failures="0" timestamp="09 Jul 2018 14:31:26 GMT" time="0.023" errors="0">
  <testcase name="spare" time="0.006" classname="GameTest"/>
  <testcase name="strikeFollowedByOneFollowedByTwo" time="0.0" classname="GameTest">
    <ignored/>
  </testcase> <!-- strikeFollowedByOneFollowedByTwo -->
  <testcase name="rollStrike" time="0.0" classname="GameTest">
    <ignored/>
  </testcase> <!-- rollStrike -->
  <testcase name="strikeFollowedByOneFollowedByTwoFollowedByOne" time="0.0" classname="GameTest">
    <ignored/>
  </testcase> <!-- strikeFollowedByOneFollowedByTwoFollowedByOne -->
  <testcase name="rollScoreOf4" time="0.0" classname="GameTest">
    <ignored/>
  </testcase> <!-- rollScoreOf4 -->
  <testcase name="test" time="0.0" classname="GameTest">
    <ignored/>
  </testcase> <!-- test -->
  <testcase name="invalidScore" time="0.0" classname="GameTest">
    <ignored/>
  </testcase> <!-- invalidScore -->
  <testcase name="strikeFollowedByOne" time="0.0" classname="GameTest">
    <ignored/>
  </testcase> <!-- strikeFollowedByOne -->
  <testcase name="strikeOneTwoOneStrikeOne" time="0.0" classname="GameTest">
    <ignored/>
  </testcase> <!-- strikeOneTwoOneStrikeOne -->
  <testcase name="rollsTwentyScoresOf4" time="0.0" classname="GameTest">
    <ignored/>
  </testcase> <!-- rollsTwentyScoresOf4 -->
</testsuite>
